The AI player is: Player.RED
The game has finished, the winner is the Red player!
Results: [1]
The AI player is: Player.BLUE
The game has finished, the winner is the Blue player!
Results: [1, 1]
The AI player is: Player.RED
The game has finished, the winner is the Red player!
Results: [1, 1, 1]
The AI player is: Player.RED
The game has finished, the winner is the Red player!
Results: [1, 1, 1, 0.5]
The AI player is: Player.BLUE
The game has finished, the winner is the Blue player!
Results: [1, 1, 1, 0.5, 1]
The AI player is: Player.RED
The game has finished, the winner is the Red player!
Results: [1, 1, 1, 0.5, 1, 1]
The AI player is: Player.BLUE
The game has finished, the winner is the Blue player!
Results: [1, 1, 1, 0.5, 1, 1, 1]
The AI player is: Player.BLUE
The game has finished, the winner is the Blue player!
Results: [1, 1, 1, 0.5, 1, 1, 1, 0.5]
The AI player is: Player.RED
The game has finished, the winner is the Red player!
Results: [1, 1, 1, 0.5, 1, 1, 1, 0.5, 1]
The AI player is: Player.RED
The game has finished, the winner is the Red player!
Results: [1, 1, 1, 0.5, 1, 1, 1, 0.5, 1, 0.5]
The AI player is: Player.RED
The game has finished, the winner is the Red player!
Results: [1, 1, 1, 0.5, 1, 1, 1, 0.5, 1, 0.5, 0.5]
The AI player is: Player.RED
The game has finished, the winner is the Red player!
Results: [1, 1, 1, 0.5, 1, 1, 1, 0.5, 1, 0.5, 0.5, 1]
The AI player is: Player.RED
The game has finished, the winner is the Red player!
Results: [1, 1, 1, 0.5, 1, 1, 1, 0.5, 1, 0.5, 0.5, 1, 1]
The AI player is: Player.RED
The game has finished, the winner is the Red player!
Results: [1, 1, 1, 0.5, 1, 1, 1, 0.5, 1, 0.5, 0.5, 1, 1, 1]
The AI player is: Player.RED
The game has finished, the winner is the Red player!
Results: [1, 1, 1, 0.5, 1, 1, 1, 0.5, 1, 0.5, 0.5, 1, 1, 1, 0.5]
The AI player is: Player.RED
The game has finished, the winner is the Red player!
Results: [1, 1, 1, 0.5, 1, 1, 1, 0.5, 1, 0.5, 0.5, 1, 1, 1, 0.5, 0.5]
The AI player is: Player.BLUE
The game has finished, the winner is the Blue player!
Results: [1, 1, 1, 0.5, 1, 1, 1, 0.5, 1, 0.5, 0.5, 1, 1, 1, 0.5, 0.5, 0.5]
The AI player is: Player.RED
The game has finished, the winner is the Red player!
Results: [1, 1, 1, 0.5, 1, 1, 1, 0.5, 1, 0.5, 0.5, 1, 1, 1, 0.5, 0.5, 0.5, 1]
The AI player is: Player.RED
The game has finished, the winner is the Red player!
Results: [1, 1, 1, 0.5, 1, 1, 1, 0.5, 1, 0.5, 0.5, 1, 1, 1, 0.5, 0.5, 0.5, 1, 1]
The AI player is: Player.RED
The game has finished, the winner is the Red player!
Results: [1, 1, 1, 0.5, 1, 1, 1, 0.5, 1, 0.5, 0.5, 1, 1, 1, 0.5, 0.5, 0.5, 1, 1, 0.5]
The AI player is: Player.BLUE
The game has finished, the winner is the Blue player!
Results: [1, 1, 1, 0.5, 1, 1, 1, 0.5, 1, 0.5, 0.5, 1, 1, 1, 0.5, 0.5, 0.5, 1, 1, 0.5, 1]
The AI player is: Player.BLUE
The game has finished, the winner is the Blue player!
Results: [1, 1, 1, 0.5, 1, 1, 1, 0.5, 1, 0.5, 0.5, 1, 1, 1, 0.5, 0.5, 0.5, 1, 1, 0.5, 1, 1]
The AI player is: Player.RED
The game has finished, the winner is the Red player!
Results: [1, 1, 1, 0.5, 1, 1, 1, 0.5, 1, 0.5, 0.5, 1, 1, 1, 0.5, 0.5, 0.5, 1, 1, 0.5, 1, 1, 0.5]
The AI player is: Player.RED
The game has finished, the winner is the Red player!
Results: [1, 1, 1, 0.5, 1, 1, 1, 0.5, 1, 0.5, 0.5, 1, 1, 1, 0.5, 0.5, 0.5, 1, 1, 0.5, 1, 1, 0.5, 1]
The AI player is: Player.RED
The game has finished, the winner is the Red player!
Results: [1, 1, 1, 0.5, 1, 1, 1, 0.5, 1, 0.5, 0.5, 1, 1, 1, 0.5, 0.5, 0.5, 1, 1, 0.5, 1, 1, 0.5, 1, 0.5]
The AI player is: Player.RED
The game has finished, the winner is the Red player!
Results: [1, 1, 1, 0.5, 1, 1, 1, 0.5, 1, 0.5, 0.5, 1, 1, 1, 0.5, 0.5, 0.5, 1, 1, 0.5, 1, 1, 0.5, 1, 0.5, 1]
The AI player is: Player.RED
The game has finished, the winner is the Red player!
Results: [1, 1, 1, 0.5, 1, 1, 1, 0.5, 1, 0.5, 0.5, 1, 1, 1, 0.5, 0.5, 0.5, 1, 1, 0.5, 1, 1, 0.5, 1, 0.5, 1, 0.5]
The AI player is: Player.RED
The game has finished, the winner is the Red player!
Results: [1, 1, 1, 0.5, 1, 1, 1, 0.5, 1, 0.5, 0.5, 1, 1, 1, 0.5, 0.5, 0.5, 1, 1, 0.5, 1, 1, 0.5, 1, 0.5, 1, 0.5, 1]
The AI player is: Player.BLUE
The game has finished, the winner is the Blue player!
Results: [1, 1, 1, 0.5, 1, 1, 1, 0.5, 1, 0.5, 0.5, 1, 1, 1, 0.5, 0.5, 0.5, 1, 1, 0.5, 1, 1, 0.5, 1, 0.5, 1, 0.5, 1, 0.5]
The AI player is: Player.RED
The game has finished, the winner is the Red player!
Results: [1, 1, 1, 0.5, 1, 1, 1, 0.5, 1, 0.5, 0.5, 1, 1, 1, 0.5, 0.5, 0.5, 1, 1, 0.5, 1, 1, 0.5, 1, 0.5, 1, 0.5, 1, 0.5, 0.5]
The AI player is: Player.BLUE
The game has finished, the winner is the Blue player!
Results: [1, 1, 1, 0.5, 1, 1, 1, 0.5, 1, 0.5, 0.5, 1, 1, 1, 0.5, 0.5, 0.5, 1, 1, 0.5, 1, 1, 0.5, 1, 0.5, 1, 0.5, 1, 0.5, 0.5, 1]
The AI player is: Player.BLUE
The game has finished, the winner is the Blue player!
Results: [1, 1, 1, 0.5, 1, 1, 1, 0.5, 1, 0.5, 0.5, 1, 1, 1, 0.5, 0.5, 0.5, 1, 1, 0.5, 1, 1, 0.5, 1, 0.5, 1, 0.5, 1, 0.5, 0.5, 1, 1]
The AI player is: Player.BLUE
The game has finished, the winner is the Blue player!
Results: [1, 1, 1, 0.5, 1, 1, 1, 0.5, 1, 0.5, 0.5, 1, 1, 1, 0.5, 0.5, 0.5, 1, 1, 0.5, 1, 1, 0.5, 1, 0.5, 1, 0.5, 1, 0.5, 0.5, 1, 1, 0.5]
The AI player is: Player.BLUE
The game has finished, the winner is the Blue player!
Results: [1, 1, 1, 0.5, 1, 1, 1, 0.5, 1, 0.5, 0.5, 1, 1, 1, 0.5, 0.5, 0.5, 1, 1, 0.5, 1, 1, 0.5, 1, 0.5, 1, 0.5, 1, 0.5, 0.5, 1, 1, 0.5, 1]
The AI player is: Player.RED
The game has finished, the winner is the Red player!
Results: [1, 1, 1, 0.5, 1, 1, 1, 0.5, 1, 0.5, 0.5, 1, 1, 1, 0.5, 0.5, 0.5, 1, 1, 0.5, 1, 1, 0.5, 1, 0.5, 1, 0.5, 1, 0.5, 0.5, 1, 1, 0.5, 1, 1]
The AI player is: Player.RED
The game has finished, the winner is the Red player!
Results: [1, 1, 1, 0.5, 1, 1, 1, 0.5, 1, 0.5, 0.5, 1, 1, 1, 0.5, 0.5, 0.5, 1, 1, 0.5, 1, 1, 0.5, 1, 0.5, 1, 0.5, 1, 0.5, 0.5, 1, 1, 0.5, 1, 1, 0.5]
The AI player is: Player.RED
The game has finished, the winner is the Red player!
Results: [1, 1, 1, 0.5, 1, 1, 1, 0.5, 1, 0.5, 0.5, 1, 1, 1, 0.5, 0.5, 0.5, 1, 1, 0.5, 1, 1, 0.5, 1, 0.5, 1, 0.5, 1, 0.5, 0.5, 1, 1, 0.5, 1, 1, 0.5, 1]
The AI player is: Player.BLUE
The game has finished, the winner is the Blue player!
Results: [1, 1, 1, 0.5, 1, 1, 1, 0.5, 1, 0.5, 0.5, 1, 1, 1, 0.5, 0.5, 0.5, 1, 1, 0.5, 1, 1, 0.5, 1, 0.5, 1, 0.5, 1, 0.5, 0.5, 1, 1, 0.5, 1, 1, 0.5, 1, 0.5]
The AI player is: Player.RED
The game has finished, the winner is the Red player!
Results: [1, 1, 1, 0.5, 1, 1, 1, 0.5, 1, 0.5, 0.5, 1, 1, 1, 0.5, 0.5, 0.5, 1, 1, 0.5, 1, 1, 0.5, 1, 0.5, 1, 0.5, 1, 0.5, 0.5, 1, 1, 0.5, 1, 1, 0.5, 1, 0.5, 1]
The AI player is: Player.BLUE
The game has finished, the winner is the Red player!
Results: [1, 1, 1, 0.5, 1, 1, 1, 0.5, 1, 0.5, 0.5, 1, 1, 1, 0.5, 0.5, 0.5, 1, 1, 0.5, 1, 1, 0.5, 1, 0.5, 1, 0.5, 1, 0.5, 0.5, 1, 1, 0.5, 1, 1, 0.5, 1, 0.5, 1, -1]
The AI player is: Player.RED
The game has finished, the winner is the Red player!
Results: [1, 1, 1, 0.5, 1, 1, 1, 0.5, 1, 0.5, 0.5, 1, 1, 1, 0.5, 0.5, 0.5, 1, 1, 0.5, 1, 1, 0.5, 1, 0.5, 1, 0.5, 1, 0.5, 0.5, 1, 1, 0.5, 1, 1, 0.5, 1, 0.5, 1, -1, 0.5]
The AI player is: Player.BLUE
The game has finished, the winner is the Blue player!
Results: [1, 1, 1, 0.5, 1, 1, 1, 0.5, 1, 0.5, 0.5, 1, 1, 1, 0.5, 0.5, 0.5, 1, 1, 0.5, 1, 1, 0.5, 1, 0.5, 1, 0.5, 1, 0.5, 0.5, 1, 1, 0.5, 1, 1, 0.5, 1, 0.5, 1, -1, 0.5, 0.5]
The AI player is: Player.BLUE
The game has finished, the winner is the Blue player!
Results: [1, 1, 1, 0.5, 1, 1, 1, 0.5, 1, 0.5, 0.5, 1, 1, 1, 0.5, 0.5, 0.5, 1, 1, 0.5, 1, 1, 0.5, 1, 0.5, 1, 0.5, 1, 0.5, 0.5, 1, 1, 0.5, 1, 1, 0.5, 1, 0.5, 1, -1, 0.5, 0.5, 0.5]
The AI player is: Player.BLUE
The game has finished, the winner is the Blue player!
Results: [1, 1, 1, 0.5, 1, 1, 1, 0.5, 1, 0.5, 0.5, 1, 1, 1, 0.5, 0.5, 0.5, 1, 1, 0.5, 1, 1, 0.5, 1, 0.5, 1, 0.5, 1, 0.5, 0.5, 1, 1, 0.5, 1, 1, 0.5, 1, 0.5, 1, -1, 0.5, 0.5, 0.5, 0.5]
The AI player is: Player.RED
The game has finished, the winner is the Red player!
Results: [1, 1, 1, 0.5, 1, 1, 1, 0.5, 1, 0.5, 0.5, 1, 1, 1, 0.5, 0.5, 0.5, 1, 1, 0.5, 1, 1, 0.5, 1, 0.5, 1, 0.5, 1, 0.5, 0.5, 1, 1, 0.5, 1, 1, 0.5, 1, 0.5, 1, -1, 0.5, 0.5, 0.5, 0.5, 1]
The AI player is: Player.RED
The game has finished, the winner is the Red player!
Results: [1, 1, 1, 0.5, 1, 1, 1, 0.5, 1, 0.5, 0.5, 1, 1, 1, 0.5, 0.5, 0.5, 1, 1, 0.5, 1, 1, 0.5, 1, 0.5, 1, 0.5, 1, 0.5, 0.5, 1, 1, 0.5, 1, 1, 0.5, 1, 0.5, 1, -1, 0.5, 0.5, 0.5, 0.5, 1, 0.5]
The AI player is: Player.BLUE
The game has finished, the winner is the Blue player!
Results: [1, 1, 1, 0.5, 1, 1, 1, 0.5, 1, 0.5, 0.5, 1, 1, 1, 0.5, 0.5, 0.5, 1, 1, 0.5, 1, 1, 0.5, 1, 0.5, 1, 0.5, 1, 0.5, 0.5, 1, 1, 0.5, 1, 1, 0.5, 1, 0.5, 1, -1, 0.5, 0.5, 0.5, 0.5, 1, 0.5, 1]
The AI player is: Player.BLUE
The game has finished, the winner is the Blue player!
Results: [1, 1, 1, 0.5, 1, 1, 1, 0.5, 1, 0.5, 0.5, 1, 1, 1, 0.5, 0.5, 0.5, 1, 1, 0.5, 1, 1, 0.5, 1, 0.5, 1, 0.5, 1, 0.5, 0.5, 1, 1, 0.5, 1, 1, 0.5, 1, 0.5, 1, -1, 0.5, 0.5, 0.5, 0.5, 1, 0.5, 1, 1]
The AI player is: Player.RED
The game has finished, the winner is the Red player!
Results: [1, 1, 1, 0.5, 1, 1, 1, 0.5, 1, 0.5, 0.5, 1, 1, 1, 0.5, 0.5, 0.5, 1, 1, 0.5, 1, 1, 0.5, 1, 0.5, 1, 0.5, 1, 0.5, 0.5, 1, 1, 0.5, 1, 1, 0.5, 1, 0.5, 1, -1, 0.5, 0.5, 0.5, 0.5, 1, 0.5, 1, 1, 1]
The AI player is: Player.BLUE
The game has finished, the winner is the Blue player!
Results: [1, 1, 1, 0.5, 1, 1, 1, 0.5, 1, 0.5, 0.5, 1, 1, 1, 0.5, 0.5, 0.5, 1, 1, 0.5, 1, 1, 0.5, 1, 0.5, 1, 0.5, 1, 0.5, 0.5, 1, 1, 0.5, 1, 1, 0.5, 1, 0.5, 1, -1, 0.5, 0.5, 0.5, 0.5, 1, 0.5, 1, 1, 1, 0.5]
The AI player is: Player.BLUE
The game has finished, the winner is the Blue player!
Results: [1, 1, 1, 0.5, 1, 1, 1, 0.5, 1, 0.5, 0.5, 1, 1, 1, 0.5, 0.5, 0.5, 1, 1, 0.5, 1, 1, 0.5, 1, 0.5, 1, 0.5, 1, 0.5, 0.5, 1, 1, 0.5, 1, 1, 0.5, 1, 0.5, 1, -1, 0.5, 0.5, 0.5, 0.5, 1, 0.5, 1, 1, 1, 0.5, 0.5]
The AI player is: Player.BLUE
The game has finished, the winner is the Blue player!
Results: [1, 1, 1, 0.5, 1, 1, 1, 0.5, 1, 0.5, 0.5, 1, 1, 1, 0.5, 0.5, 0.5, 1, 1, 0.5, 1, 1, 0.5, 1, 0.5, 1, 0.5, 1, 0.5, 0.5, 1, 1, 0.5, 1, 1, 0.5, 1, 0.5, 1, -1, 0.5, 0.5, 0.5, 0.5, 1, 0.5, 1, 1, 1, 0.5, 0.5, 1]
The AI player is: Player.BLUE
The game has finished, the winner is the Blue player!
Results: [1, 1, 1, 0.5, 1, 1, 1, 0.5, 1, 0.5, 0.5, 1, 1, 1, 0.5, 0.5, 0.5, 1, 1, 0.5, 1, 1, 0.5, 1, 0.5, 1, 0.5, 1, 0.5, 0.5, 1, 1, 0.5, 1, 1, 0.5, 1, 0.5, 1, -1, 0.5, 0.5, 0.5, 0.5, 1, 0.5, 1, 1, 1, 0.5, 0.5, 1, 0.5]
The AI player is: Player.BLUE
The game has finished, the winner is the Blue player!
Results: [1, 1, 1, 0.5, 1, 1, 1, 0.5, 1, 0.5, 0.5, 1, 1, 1, 0.5, 0.5, 0.5, 1, 1, 0.5, 1, 1, 0.5, 1, 0.5, 1, 0.5, 1, 0.5, 0.5, 1, 1, 0.5, 1, 1, 0.5, 1, 0.5, 1, -1, 0.5, 0.5, 0.5, 0.5, 1, 0.5, 1, 1, 1, 0.5, 0.5, 1, 0.5, 0.5]
The AI player is: Player.BLUE
The game has finished, the winner is the Blue player!
Results: [1, 1, 1, 0.5, 1, 1, 1, 0.5, 1, 0.5, 0.5, 1, 1, 1, 0.5, 0.5, 0.5, 1, 1, 0.5, 1, 1, 0.5, 1, 0.5, 1, 0.5, 1, 0.5, 0.5, 1, 1, 0.5, 1, 1, 0.5, 1, 0.5, 1, -1, 0.5, 0.5, 0.5, 0.5, 1, 0.5, 1, 1, 1, 0.5, 0.5, 1, 0.5, 0.5, 1]
The AI player is: Player.BLUE
The game has finished, the winner is the Blue player!
Results: [1, 1, 1, 0.5, 1, 1, 1, 0.5, 1, 0.5, 0.5, 1, 1, 1, 0.5, 0.5, 0.5, 1, 1, 0.5, 1, 1, 0.5, 1, 0.5, 1, 0.5, 1, 0.5, 0.5, 1, 1, 0.5, 1, 1, 0.5, 1, 0.5, 1, -1, 0.5, 0.5, 0.5, 0.5, 1, 0.5, 1, 1, 1, 0.5, 0.5, 1, 0.5, 0.5, 1, 1]
The AI player is: Player.RED
The game has finished, the winner is the Red player!
Results: [1, 1, 1, 0.5, 1, 1, 1, 0.5, 1, 0.5, 0.5, 1, 1, 1, 0.5, 0.5, 0.5, 1, 1, 0.5, 1, 1, 0.5, 1, 0.5, 1, 0.5, 1, 0.5, 0.5, 1, 1, 0.5, 1, 1, 0.5, 1, 0.5, 1, -1, 0.5, 0.5, 0.5, 0.5, 1, 0.5, 1, 1, 1, 0.5, 0.5, 1, 0.5, 0.5, 1, 1, 1]
The AI player is: Player.RED
The game has finished, the winner is the Red player!
Results: [1, 1, 1, 0.5, 1, 1, 1, 0.5, 1, 0.5, 0.5, 1, 1, 1, 0.5, 0.5, 0.5, 1, 1, 0.5, 1, 1, 0.5, 1, 0.5, 1, 0.5, 1, 0.5, 0.5, 1, 1, 0.5, 1, 1, 0.5, 1, 0.5, 1, -1, 0.5, 0.5, 0.5, 0.5, 1, 0.5, 1, 1, 1, 0.5, 0.5, 1, 0.5, 0.5, 1, 1, 1, 0.5]
The AI player is: Player.RED
The game has finished, the winner is the Red player!
Results: [1, 1, 1, 0.5, 1, 1, 1, 0.5, 1, 0.5, 0.5, 1, 1, 1, 0.5, 0.5, 0.5, 1, 1, 0.5, 1, 1, 0.5, 1, 0.5, 1, 0.5, 1, 0.5, 0.5, 1, 1, 0.5, 1, 1, 0.5, 1, 0.5, 1, -1, 0.5, 0.5, 0.5, 0.5, 1, 0.5, 1, 1, 1, 0.5, 0.5, 1, 0.5, 0.5, 1, 1, 1, 0.5, 1]
The AI player is: Player.BLUE
The game has finished, the winner is the Blue player!
Results: [1, 1, 1, 0.5, 1, 1, 1, 0.5, 1, 0.5, 0.5, 1, 1, 1, 0.5, 0.5, 0.5, 1, 1, 0.5, 1, 1, 0.5, 1, 0.5, 1, 0.5, 1, 0.5, 0.5, 1, 1, 0.5, 1, 1, 0.5, 1, 0.5, 1, -1, 0.5, 0.5, 0.5, 0.5, 1, 0.5, 1, 1, 1, 0.5, 0.5, 1, 0.5, 0.5, 1, 1, 1, 0.5, 1, 0.5]
The AI player is: Player.BLUE
The game has finished, the winner is the Blue player!
Results: [1, 1, 1, 0.5, 1, 1, 1, 0.5, 1, 0.5, 0.5, 1, 1, 1, 0.5, 0.5, 0.5, 1, 1, 0.5, 1, 1, 0.5, 1, 0.5, 1, 0.5, 1, 0.5, 0.5, 1, 1, 0.5, 1, 1, 0.5, 1, 0.5, 1, -1, 0.5, 0.5, 0.5, 0.5, 1, 0.5, 1, 1, 1, 0.5, 0.5, 1, 0.5, 0.5, 1, 1, 1, 0.5, 1, 0.5, 1]
The AI player is: Player.BLUE
The game has finished, the winner is the Blue player!
Results: [1, 1, 1, 0.5, 1, 1, 1, 0.5, 1, 0.5, 0.5, 1, 1, 1, 0.5, 0.5, 0.5, 1, 1, 0.5, 1, 1, 0.5, 1, 0.5, 1, 0.5, 1, 0.5, 0.5, 1, 1, 0.5, 1, 1, 0.5, 1, 0.5, 1, -1, 0.5, 0.5, 0.5, 0.5, 1, 0.5, 1, 1, 1, 0.5, 0.5, 1, 0.5, 0.5, 1, 1, 1, 0.5, 1, 0.5, 1, 1]
The AI player is: Player.RED
The game has finished, the winner is the Red player!
Results: [1, 1, 1, 0.5, 1, 1, 1, 0.5, 1, 0.5, 0.5, 1, 1, 1, 0.5, 0.5, 0.5, 1, 1, 0.5, 1, 1, 0.5, 1, 0.5, 1, 0.5, 1, 0.5, 0.5, 1, 1, 0.5, 1, 1, 0.5, 1, 0.5, 1, -1, 0.5, 0.5, 0.5, 0.5, 1, 0.5, 1, 1, 1, 0.5, 0.5, 1, 0.5, 0.5, 1, 1, 1, 0.5, 1, 0.5, 1, 1, 1]
The AI player is: Player.RED
The game has finished, the winner is the Red player!
Results: [1, 1, 1, 0.5, 1, 1, 1, 0.5, 1, 0.5, 0.5, 1, 1, 1, 0.5, 0.5, 0.5, 1, 1, 0.5, 1, 1, 0.5, 1, 0.5, 1, 0.5, 1, 0.5, 0.5, 1, 1, 0.5, 1, 1, 0.5, 1, 0.5, 1, -1, 0.5, 0.5, 0.5, 0.5, 1, 0.5, 1, 1, 1, 0.5, 0.5, 1, 0.5, 0.5, 1, 1, 1, 0.5, 1, 0.5, 1, 1, 1, 0.5]
The AI player is: Player.RED
The game has finished, the winner is the Red player!
Results: [1, 1, 1, 0.5, 1, 1, 1, 0.5, 1, 0.5, 0.5, 1, 1, 1, 0.5, 0.5, 0.5, 1, 1, 0.5, 1, 1, 0.5, 1, 0.5, 1, 0.5, 1, 0.5, 0.5, 1, 1, 0.5, 1, 1, 0.5, 1, 0.5, 1, -1, 0.5, 0.5, 0.5, 0.5, 1, 0.5, 1, 1, 1, 0.5, 0.5, 1, 0.5, 0.5, 1, 1, 1, 0.5, 1, 0.5, 1, 1, 1, 0.5, 1]
The AI player is: Player.RED
The game has finished, the winner is the Red player!
Results: [1, 1, 1, 0.5, 1, 1, 1, 0.5, 1, 0.5, 0.5, 1, 1, 1, 0.5, 0.5, 0.5, 1, 1, 0.5, 1, 1, 0.5, 1, 0.5, 1, 0.5, 1, 0.5, 0.5, 1, 1, 0.5, 1, 1, 0.5, 1, 0.5, 1, -1, 0.5, 0.5, 0.5, 0.5, 1, 0.5, 1, 1, 1, 0.5, 0.5, 1, 0.5, 0.5, 1, 1, 1, 0.5, 1, 0.5, 1, 1, 1, 0.5, 1, 1]
The AI player is: Player.BLUE
The game has finished, the winner is the Blue player!
Results: [1, 1, 1, 0.5, 1, 1, 1, 0.5, 1, 0.5, 0.5, 1, 1, 1, 0.5, 0.5, 0.5, 1, 1, 0.5, 1, 1, 0.5, 1, 0.5, 1, 0.5, 1, 0.5, 0.5, 1, 1, 0.5, 1, 1, 0.5, 1, 0.5, 1, -1, 0.5, 0.5, 0.5, 0.5, 1, 0.5, 1, 1, 1, 0.5, 0.5, 1, 0.5, 0.5, 1, 1, 1, 0.5, 1, 0.5, 1, 1, 1, 0.5, 1, 1, 1]
The AI player is: Player.BLUE
The game has finished, the winner is the Blue player!
Results: [1, 1, 1, 0.5, 1, 1, 1, 0.5, 1, 0.5, 0.5, 1, 1, 1, 0.5, 0.5, 0.5, 1, 1, 0.5, 1, 1, 0.5, 1, 0.5, 1, 0.5, 1, 0.5, 0.5, 1, 1, 0.5, 1, 1, 0.5, 1, 0.5, 1, -1, 0.5, 0.5, 0.5, 0.5, 1, 0.5, 1, 1, 1, 0.5, 0.5, 1, 0.5, 0.5, 1, 1, 1, 0.5, 1, 0.5, 1, 1, 1, 0.5, 1, 1, 1, 0.5]
The AI player is: Player.BLUE
The game has finished, the winner is the Blue player!
Results: [1, 1, 1, 0.5, 1, 1, 1, 0.5, 1, 0.5, 0.5, 1, 1, 1, 0.5, 0.5, 0.5, 1, 1, 0.5, 1, 1, 0.5, 1, 0.5, 1, 0.5, 1, 0.5, 0.5, 1, 1, 0.5, 1, 1, 0.5, 1, 0.5, 1, -1, 0.5, 0.5, 0.5, 0.5, 1, 0.5, 1, 1, 1, 0.5, 0.5, 1, 0.5, 0.5, 1, 1, 1, 0.5, 1, 0.5, 1, 1, 1, 0.5, 1, 1, 1, 0.5, 0.5]
The AI player is: Player.BLUE
The game has finished, the winner is the Blue player!
Results: [1, 1, 1, 0.5, 1, 1, 1, 0.5, 1, 0.5, 0.5, 1, 1, 1, 0.5, 0.5, 0.5, 1, 1, 0.5, 1, 1, 0.5, 1, 0.5, 1, 0.5, 1, 0.5, 0.5, 1, 1, 0.5, 1, 1, 0.5, 1, 0.5, 1, -1, 0.5, 0.5, 0.5, 0.5, 1, 0.5, 1, 1, 1, 0.5, 0.5, 1, 0.5, 0.5, 1, 1, 1, 0.5, 1, 0.5, 1, 1, 1, 0.5, 1, 1, 1, 0.5, 0.5, 1]
The AI player is: Player.BLUE
The game has finished, the winner is the Blue player!
Results: [1, 1, 1, 0.5, 1, 1, 1, 0.5, 1, 0.5, 0.5, 1, 1, 1, 0.5, 0.5, 0.5, 1, 1, 0.5, 1, 1, 0.5, 1, 0.5, 1, 0.5, 1, 0.5, 0.5, 1, 1, 0.5, 1, 1, 0.5, 1, 0.5, 1, -1, 0.5, 0.5, 0.5, 0.5, 1, 0.5, 1, 1, 1, 0.5, 0.5, 1, 0.5, 0.5, 1, 1, 1, 0.5, 1, 0.5, 1, 1, 1, 0.5, 1, 1, 1, 0.5, 0.5, 1, 0.5]
The AI player is: Player.RED
The game has finished, the winner is the Red player!
Results: [1, 1, 1, 0.5, 1, 1, 1, 0.5, 1, 0.5, 0.5, 1, 1, 1, 0.5, 0.5, 0.5, 1, 1, 0.5, 1, 1, 0.5, 1, 0.5, 1, 0.5, 1, 0.5, 0.5, 1, 1, 0.5, 1, 1, 0.5, 1, 0.5, 1, -1, 0.5, 0.5, 0.5, 0.5, 1, 0.5, 1, 1, 1, 0.5, 0.5, 1, 0.5, 0.5, 1, 1, 1, 0.5, 1, 0.5, 1, 1, 1, 0.5, 1, 1, 1, 0.5, 0.5, 1, 0.5, 0.5]
The AI player is: Player.BLUE
The game has finished, the winner is the Blue player!
Results: [1, 1, 1, 0.5, 1, 1, 1, 0.5, 1, 0.5, 0.5, 1, 1, 1, 0.5, 0.5, 0.5, 1, 1, 0.5, 1, 1, 0.5, 1, 0.5, 1, 0.5, 1, 0.5, 0.5, 1, 1, 0.5, 1, 1, 0.5, 1, 0.5, 1, -1, 0.5, 0.5, 0.5, 0.5, 1, 0.5, 1, 1, 1, 0.5, 0.5, 1, 0.5, 0.5, 1, 1, 1, 0.5, 1, 0.5, 1, 1, 1, 0.5, 1, 1, 1, 0.5, 0.5, 1, 0.5, 0.5, 0.5]
The AI player is: Player.RED
The game has finished, the winner is the Red player!
Results: [1, 1, 1, 0.5, 1, 1, 1, 0.5, 1, 0.5, 0.5, 1, 1, 1, 0.5, 0.5, 0.5, 1, 1, 0.5, 1, 1, 0.5, 1, 0.5, 1, 0.5, 1, 0.5, 0.5, 1, 1, 0.5, 1, 1, 0.5, 1, 0.5, 1, -1, 0.5, 0.5, 0.5, 0.5, 1, 0.5, 1, 1, 1, 0.5, 0.5, 1, 0.5, 0.5, 1, 1, 1, 0.5, 1, 0.5, 1, 1, 1, 0.5, 1, 1, 1, 0.5, 0.5, 1, 0.5, 0.5, 0.5, 1]
The AI player is: Player.RED
The game has finished, the winner is the Red player!
Results: [1, 1, 1, 0.5, 1, 1, 1, 0.5, 1, 0.5, 0.5, 1, 1, 1, 0.5, 0.5, 0.5, 1, 1, 0.5, 1, 1, 0.5, 1, 0.5, 1, 0.5, 1, 0.5, 0.5, 1, 1, 0.5, 1, 1, 0.5, 1, 0.5, 1, -1, 0.5, 0.5, 0.5, 0.5, 1, 0.5, 1, 1, 1, 0.5, 0.5, 1, 0.5, 0.5, 1, 1, 1, 0.5, 1, 0.5, 1, 1, 1, 0.5, 1, 1, 1, 0.5, 0.5, 1, 0.5, 0.5, 0.5, 1, 1]
The AI player is: Player.RED
The game has finished, the winner is the Red player!
Results: [1, 1, 1, 0.5, 1, 1, 1, 0.5, 1, 0.5, 0.5, 1, 1, 1, 0.5, 0.5, 0.5, 1, 1, 0.5, 1, 1, 0.5, 1, 0.5, 1, 0.5, 1, 0.5, 0.5, 1, 1, 0.5, 1, 1, 0.5, 1, 0.5, 1, -1, 0.5, 0.5, 0.5, 0.5, 1, 0.5, 1, 1, 1, 0.5, 0.5, 1, 0.5, 0.5, 1, 1, 1, 0.5, 1, 0.5, 1, 1, 1, 0.5, 1, 1, 1, 0.5, 0.5, 1, 0.5, 0.5, 0.5, 1, 1, 0.5]
The AI player is: Player.BLUE
The game has finished, the winner is the Blue player!
Results: [1, 1, 1, 0.5, 1, 1, 1, 0.5, 1, 0.5, 0.5, 1, 1, 1, 0.5, 0.5, 0.5, 1, 1, 0.5, 1, 1, 0.5, 1, 0.5, 1, 0.5, 1, 0.5, 0.5, 1, 1, 0.5, 1, 1, 0.5, 1, 0.5, 1, -1, 0.5, 0.5, 0.5, 0.5, 1, 0.5, 1, 1, 1, 0.5, 0.5, 1, 0.5, 0.5, 1, 1, 1, 0.5, 1, 0.5, 1, 1, 1, 0.5, 1, 1, 1, 0.5, 0.5, 1, 0.5, 0.5, 0.5, 1, 1, 0.5, 0.5]
The AI player is: Player.RED
The game has finished, the winner is the Red player!
Results: [1, 1, 1, 0.5, 1, 1, 1, 0.5, 1, 0.5, 0.5, 1, 1, 1, 0.5, 0.5, 0.5, 1, 1, 0.5, 1, 1, 0.5, 1, 0.5, 1, 0.5, 1, 0.5, 0.5, 1, 1, 0.5, 1, 1, 0.5, 1, 0.5, 1, -1, 0.5, 0.5, 0.5, 0.5, 1, 0.5, 1, 1, 1, 0.5, 0.5, 1, 0.5, 0.5, 1, 1, 1, 0.5, 1, 0.5, 1, 1, 1, 0.5, 1, 1, 1, 0.5, 0.5, 1, 0.5, 0.5, 0.5, 1, 1, 0.5, 0.5, 1]
The AI player is: Player.BLUE
The game has finished, the winner is the Blue player!
Results: [1, 1, 1, 0.5, 1, 1, 1, 0.5, 1, 0.5, 0.5, 1, 1, 1, 0.5, 0.5, 0.5, 1, 1, 0.5, 1, 1, 0.5, 1, 0.5, 1, 0.5, 1, 0.5, 0.5, 1, 1, 0.5, 1, 1, 0.5, 1, 0.5, 1, -1, 0.5, 0.5, 0.5, 0.5, 1, 0.5, 1, 1, 1, 0.5, 0.5, 1, 0.5, 0.5, 1, 1, 1, 0.5, 1, 0.5, 1, 1, 1, 0.5, 1, 1, 1, 0.5, 0.5, 1, 0.5, 0.5, 0.5, 1, 1, 0.5, 0.5, 1, 1]
The AI player is: Player.RED
The game has finished, the winner is the Red player!
Results: [1, 1, 1, 0.5, 1, 1, 1, 0.5, 1, 0.5, 0.5, 1, 1, 1, 0.5, 0.5, 0.5, 1, 1, 0.5, 1, 1, 0.5, 1, 0.5, 1, 0.5, 1, 0.5, 0.5, 1, 1, 0.5, 1, 1, 0.5, 1, 0.5, 1, -1, 0.5, 0.5, 0.5, 0.5, 1, 0.5, 1, 1, 1, 0.5, 0.5, 1, 0.5, 0.5, 1, 1, 1, 0.5, 1, 0.5, 1, 1, 1, 0.5, 1, 1, 1, 0.5, 0.5, 1, 0.5, 0.5, 0.5, 1, 1, 0.5, 0.5, 1, 1, 1]
The AI player is: Player.RED
The game has finished, the winner is the Red player!
Results: [1, 1, 1, 0.5, 1, 1, 1, 0.5, 1, 0.5, 0.5, 1, 1, 1, 0.5, 0.5, 0.5, 1, 1, 0.5, 1, 1, 0.5, 1, 0.5, 1, 0.5, 1, 0.5, 0.5, 1, 1, 0.5, 1, 1, 0.5, 1, 0.5, 1, -1, 0.5, 0.5, 0.5, 0.5, 1, 0.5, 1, 1, 1, 0.5, 0.5, 1, 0.5, 0.5, 1, 1, 1, 0.5, 1, 0.5, 1, 1, 1, 0.5, 1, 1, 1, 0.5, 0.5, 1, 0.5, 0.5, 0.5, 1, 1, 0.5, 0.5, 1, 1, 1, 0.5]
The AI player is: Player.BLUE
The game has finished, the winner is the Blue player!
Results: [1, 1, 1, 0.5, 1, 1, 1, 0.5, 1, 0.5, 0.5, 1, 1, 1, 0.5, 0.5, 0.5, 1, 1, 0.5, 1, 1, 0.5, 1, 0.5, 1, 0.5, 1, 0.5, 0.5, 1, 1, 0.5, 1, 1, 0.5, 1, 0.5, 1, -1, 0.5, 0.5, 0.5, 0.5, 1, 0.5, 1, 1, 1, 0.5, 0.5, 1, 0.5, 0.5, 1, 1, 1, 0.5, 1, 0.5, 1, 1, 1, 0.5, 1, 1, 1, 0.5, 0.5, 1, 0.5, 0.5, 0.5, 1, 1, 0.5, 0.5, 1, 1, 1, 0.5, 1]
The AI player is: Player.RED
The game has finished, the winner is the Red player!
Results: [1, 1, 1, 0.5, 1, 1, 1, 0.5, 1, 0.5, 0.5, 1, 1, 1, 0.5, 0.5, 0.5, 1, 1, 0.5, 1, 1, 0.5, 1, 0.5, 1, 0.5, 1, 0.5, 0.5, 1, 1, 0.5, 1, 1, 0.5, 1, 0.5, 1, -1, 0.5, 0.5, 0.5, 0.5, 1, 0.5, 1, 1, 1, 0.5, 0.5, 1, 0.5, 0.5, 1, 1, 1, 0.5, 1, 0.5, 1, 1, 1, 0.5, 1, 1, 1, 0.5, 0.5, 1, 0.5, 0.5, 0.5, 1, 1, 0.5, 0.5, 1, 1, 1, 0.5, 1, 1]
The AI player is: Player.RED
The game has finished, the winner is the Red player!
Results: [1, 1, 1, 0.5, 1, 1, 1, 0.5, 1, 0.5, 0.5, 1, 1, 1, 0.5, 0.5, 0.5, 1, 1, 0.5, 1, 1, 0.5, 1, 0.5, 1, 0.5, 1, 0.5, 0.5, 1, 1, 0.5, 1, 1, 0.5, 1, 0.5, 1, -1, 0.5, 0.5, 0.5, 0.5, 1, 0.5, 1, 1, 1, 0.5, 0.5, 1, 0.5, 0.5, 1, 1, 1, 0.5, 1, 0.5, 1, 1, 1, 0.5, 1, 1, 1, 0.5, 0.5, 1, 0.5, 0.5, 0.5, 1, 1, 0.5, 0.5, 1, 1, 1, 0.5, 1, 1, 1]
The AI player is: Player.BLUE
The game has finished, the winner is the Blue player!
Results: [1, 1, 1, 0.5, 1, 1, 1, 0.5, 1, 0.5, 0.5, 1, 1, 1, 0.5, 0.5, 0.5, 1, 1, 0.5, 1, 1, 0.5, 1, 0.5, 1, 0.5, 1, 0.5, 0.5, 1, 1, 0.5, 1, 1, 0.5, 1, 0.5, 1, -1, 0.5, 0.5, 0.5, 0.5, 1, 0.5, 1, 1, 1, 0.5, 0.5, 1, 0.5, 0.5, 1, 1, 1, 0.5, 1, 0.5, 1, 1, 1, 0.5, 1, 1, 1, 0.5, 0.5, 1, 0.5, 0.5, 0.5, 1, 1, 0.5, 0.5, 1, 1, 1, 0.5, 1, 1, 1, 1]
The AI player is: Player.BLUE
The game has finished, the winner is the Blue player!
Results: [1, 1, 1, 0.5, 1, 1, 1, 0.5, 1, 0.5, 0.5, 1, 1, 1, 0.5, 0.5, 0.5, 1, 1, 0.5, 1, 1, 0.5, 1, 0.5, 1, 0.5, 1, 0.5, 0.5, 1, 1, 0.5, 1, 1, 0.5, 1, 0.5, 1, -1, 0.5, 0.5, 0.5, 0.5, 1, 0.5, 1, 1, 1, 0.5, 0.5, 1, 0.5, 0.5, 1, 1, 1, 0.5, 1, 0.5, 1, 1, 1, 0.5, 1, 1, 1, 0.5, 0.5, 1, 0.5, 0.5, 0.5, 1, 1, 0.5, 0.5, 1, 1, 1, 0.5, 1, 1, 1, 1, 0.5]
The AI player is: Player.RED
The game has finished, the winner is the Red player!
Results: [1, 1, 1, 0.5, 1, 1, 1, 0.5, 1, 0.5, 0.5, 1, 1, 1, 0.5, 0.5, 0.5, 1, 1, 0.5, 1, 1, 0.5, 1, 0.5, 1, 0.5, 1, 0.5, 0.5, 1, 1, 0.5, 1, 1, 0.5, 1, 0.5, 1, -1, 0.5, 0.5, 0.5, 0.5, 1, 0.5, 1, 1, 1, 0.5, 0.5, 1, 0.5, 0.5, 1, 1, 1, 0.5, 1, 0.5, 1, 1, 1, 0.5, 1, 1, 1, 0.5, 0.5, 1, 0.5, 0.5, 0.5, 1, 1, 0.5, 0.5, 1, 1, 1, 0.5, 1, 1, 1, 1, 0.5, 1]
The AI player is: Player.RED
The game has finished, the winner is the Red player!
Results: [1, 1, 1, 0.5, 1, 1, 1, 0.5, 1, 0.5, 0.5, 1, 1, 1, 0.5, 0.5, 0.5, 1, 1, 0.5, 1, 1, 0.5, 1, 0.5, 1, 0.5, 1, 0.5, 0.5, 1, 1, 0.5, 1, 1, 0.5, 1, 0.5, 1, -1, 0.5, 0.5, 0.5, 0.5, 1, 0.5, 1, 1, 1, 0.5, 0.5, 1, 0.5, 0.5, 1, 1, 1, 0.5, 1, 0.5, 1, 1, 1, 0.5, 1, 1, 1, 0.5, 0.5, 1, 0.5, 0.5, 0.5, 1, 1, 0.5, 0.5, 1, 1, 1, 0.5, 1, 1, 1, 1, 0.5, 1, 0.5]
The AI player is: Player.BLUE
The game has finished, the winner is the Blue player!
Results: [1, 1, 1, 0.5, 1, 1, 1, 0.5, 1, 0.5, 0.5, 1, 1, 1, 0.5, 0.5, 0.5, 1, 1, 0.5, 1, 1, 0.5, 1, 0.5, 1, 0.5, 1, 0.5, 0.5, 1, 1, 0.5, 1, 1, 0.5, 1, 0.5, 1, -1, 0.5, 0.5, 0.5, 0.5, 1, 0.5, 1, 1, 1, 0.5, 0.5, 1, 0.5, 0.5, 1, 1, 1, 0.5, 1, 0.5, 1, 1, 1, 0.5, 1, 1, 1, 0.5, 0.5, 1, 0.5, 0.5, 0.5, 1, 1, 0.5, 0.5, 1, 1, 1, 0.5, 1, 1, 1, 1, 0.5, 1, 0.5, 1]
The AI player is: Player.RED
The game has finished, the winner is the Red player!
Results: [1, 1, 1, 0.5, 1, 1, 1, 0.5, 1, 0.5, 0.5, 1, 1, 1, 0.5, 0.5, 0.5, 1, 1, 0.5, 1, 1, 0.5, 1, 0.5, 1, 0.5, 1, 0.5, 0.5, 1, 1, 0.5, 1, 1, 0.5, 1, 0.5, 1, -1, 0.5, 0.5, 0.5, 0.5, 1, 0.5, 1, 1, 1, 0.5, 0.5, 1, 0.5, 0.5, 1, 1, 1, 0.5, 1, 0.5, 1, 1, 1, 0.5, 1, 1, 1, 0.5, 0.5, 1, 0.5, 0.5, 0.5, 1, 1, 0.5, 0.5, 1, 1, 1, 0.5, 1, 1, 1, 1, 0.5, 1, 0.5, 1, 0.5]
The AI player is: Player.RED
The game has finished, the winner is the Red player!
Results: [1, 1, 1, 0.5, 1, 1, 1, 0.5, 1, 0.5, 0.5, 1, 1, 1, 0.5, 0.5, 0.5, 1, 1, 0.5, 1, 1, 0.5, 1, 0.5, 1, 0.5, 1, 0.5, 0.5, 1, 1, 0.5, 1, 1, 0.5, 1, 0.5, 1, -1, 0.5, 0.5, 0.5, 0.5, 1, 0.5, 1, 1, 1, 0.5, 0.5, 1, 0.5, 0.5, 1, 1, 1, 0.5, 1, 0.5, 1, 1, 1, 0.5, 1, 1, 1, 0.5, 0.5, 1, 0.5, 0.5, 0.5, 1, 1, 0.5, 0.5, 1, 1, 1, 0.5, 1, 1, 1, 1, 0.5, 1, 0.5, 1, 0.5, 1]
The AI player is: Player.BLUE
The game has finished, the winner is the Red player!
Results: [1, 1, 1, 0.5, 1, 1, 1, 0.5, 1, 0.5, 0.5, 1, 1, 1, 0.5, 0.5, 0.5, 1, 1, 0.5, 1, 1, 0.5, 1, 0.5, 1, 0.5, 1, 0.5, 0.5, 1, 1, 0.5, 1, 1, 0.5, 1, 0.5, 1, -1, 0.5, 0.5, 0.5, 0.5, 1, 0.5, 1, 1, 1, 0.5, 0.5, 1, 0.5, 0.5, 1, 1, 1, 0.5, 1, 0.5, 1, 1, 1, 0.5, 1, 1, 1, 0.5, 0.5, 1, 0.5, 0.5, 0.5, 1, 1, 0.5, 0.5, 1, 1, 1, 0.5, 1, 1, 1, 1, 0.5, 1, 0.5, 1, 0.5, 1, -1]
The AI player is: Player.RED
The game has finished, the winner is the Red player!
Results: [1, 1, 1, 0.5, 1, 1, 1, 0.5, 1, 0.5, 0.5, 1, 1, 1, 0.5, 0.5, 0.5, 1, 1, 0.5, 1, 1, 0.5, 1, 0.5, 1, 0.5, 1, 0.5, 0.5, 1, 1, 0.5, 1, 1, 0.5, 1, 0.5, 1, -1, 0.5, 0.5, 0.5, 0.5, 1, 0.5, 1, 1, 1, 0.5, 0.5, 1, 0.5, 0.5, 1, 1, 1, 0.5, 1, 0.5, 1, 1, 1, 0.5, 1, 1, 1, 0.5, 0.5, 1, 0.5, 0.5, 0.5, 1, 1, 0.5, 0.5, 1, 1, 1, 0.5, 1, 1, 1, 1, 0.5, 1, 0.5, 1, 0.5, 1, -1, 1]
The AI player is: Player.RED
The game has finished, the winner is the Red player!
Results: [1, 1, 1, 0.5, 1, 1, 1, 0.5, 1, 0.5, 0.5, 1, 1, 1, 0.5, 0.5, 0.5, 1, 1, 0.5, 1, 1, 0.5, 1, 0.5, 1, 0.5, 1, 0.5, 0.5, 1, 1, 0.5, 1, 1, 0.5, 1, 0.5, 1, -1, 0.5, 0.5, 0.5, 0.5, 1, 0.5, 1, 1, 1, 0.5, 0.5, 1, 0.5, 0.5, 1, 1, 1, 0.5, 1, 0.5, 1, 1, 1, 0.5, 1, 1, 1, 0.5, 0.5, 1, 0.5, 0.5, 0.5, 1, 1, 0.5, 0.5, 1, 1, 1, 0.5, 1, 1, 1, 1, 0.5, 1, 0.5, 1, 0.5, 1, -1, 1, 0.5]
The AI player is: Player.RED
The game has finished, the winner is the Red player!
Results: [1, 1, 1, 0.5, 1, 1, 1, 0.5, 1, 0.5, 0.5, 1, 1, 1, 0.5, 0.5, 0.5, 1, 1, 0.5, 1, 1, 0.5, 1, 0.5, 1, 0.5, 1, 0.5, 0.5, 1, 1, 0.5, 1, 1, 0.5, 1, 0.5, 1, -1, 0.5, 0.5, 0.5, 0.5, 1, 0.5, 1, 1, 1, 0.5, 0.5, 1, 0.5, 0.5, 1, 1, 1, 0.5, 1, 0.5, 1, 1, 1, 0.5, 1, 1, 1, 0.5, 0.5, 1, 0.5, 0.5, 0.5, 1, 1, 0.5, 0.5, 1, 1, 1, 0.5, 1, 1, 1, 1, 0.5, 1, 0.5, 1, 0.5, 1, -1, 1, 0.5, 1]
The AI player is: Player.RED
The game has finished, the winner is the Red player!
Results: [1, 1, 1, 0.5, 1, 1, 1, 0.5, 1, 0.5, 0.5, 1, 1, 1, 0.5, 0.5, 0.5, 1, 1, 0.5, 1, 1, 0.5, 1, 0.5, 1, 0.5, 1, 0.5, 0.5, 1, 1, 0.5, 1, 1, 0.5, 1, 0.5, 1, -1, 0.5, 0.5, 0.5, 0.5, 1, 0.5, 1, 1, 1, 0.5, 0.5, 1, 0.5, 0.5, 1, 1, 1, 0.5, 1, 0.5, 1, 1, 1, 0.5, 1, 1, 1, 0.5, 0.5, 1, 0.5, 0.5, 0.5, 1, 1, 0.5, 0.5, 1, 1, 1, 0.5, 1, 1, 1, 1, 0.5, 1, 0.5, 1, 0.5, 1, -1, 1, 0.5, 1, 1]
The AI player is: Player.RED
The game has finished, the winner is the Red player!
Results: [1, 1, 1, 0.5, 1, 1, 1, 0.5, 1, 0.5, 0.5, 1, 1, 1, 0.5, 0.5, 0.5, 1, 1, 0.5, 1, 1, 0.5, 1, 0.5, 1, 0.5, 1, 0.5, 0.5, 1, 1, 0.5, 1, 1, 0.5, 1, 0.5, 1, -1, 0.5, 0.5, 0.5, 0.5, 1, 0.5, 1, 1, 1, 0.5, 0.5, 1, 0.5, 0.5, 1, 1, 1, 0.5, 1, 0.5, 1, 1, 1, 0.5, 1, 1, 1, 0.5, 0.5, 1, 0.5, 0.5, 0.5, 1, 1, 0.5, 0.5, 1, 1, 1, 0.5, 1, 1, 1, 1, 0.5, 1, 0.5, 1, 0.5, 1, -1, 1, 0.5, 1, 1, 0.5]
The AI player is: Player.BLUE
The game has finished, the winner is the Blue player!
Results: [1, 1, 1, 0.5, 1, 1, 1, 0.5, 1, 0.5, 0.5, 1, 1, 1, 0.5, 0.5, 0.5, 1, 1, 0.5, 1, 1, 0.5, 1, 0.5, 1, 0.5, 1, 0.5, 0.5, 1, 1, 0.5, 1, 1, 0.5, 1, 0.5, 1, -1, 0.5, 0.5, 0.5, 0.5, 1, 0.5, 1, 1, 1, 0.5, 0.5, 1, 0.5, 0.5, 1, 1, 1, 0.5, 1, 0.5, 1, 1, 1, 0.5, 1, 1, 1, 0.5, 0.5, 1, 0.5, 0.5, 0.5, 1, 1, 0.5, 0.5, 1, 1, 1, 0.5, 1, 1, 1, 1, 0.5, 1, 0.5, 1, 0.5, 1, -1, 1, 0.5, 1, 1, 0.5, 0.5]
The AI player is: Player.RED
The game has finished, the winner is the Red player!
Results: [1, 1, 1, 0.5, 1, 1, 1, 0.5, 1, 0.5, 0.5, 1, 1, 1, 0.5, 0.5, 0.5, 1, 1, 0.5, 1, 1, 0.5, 1, 0.5, 1, 0.5, 1, 0.5, 0.5, 1, 1, 0.5, 1, 1, 0.5, 1, 0.5, 1, -1, 0.5, 0.5, 0.5, 0.5, 1, 0.5, 1, 1, 1, 0.5, 0.5, 1, 0.5, 0.5, 1, 1, 1, 0.5, 1, 0.5, 1, 1, 1, 0.5, 1, 1, 1, 0.5, 0.5, 1, 0.5, 0.5, 0.5, 1, 1, 0.5, 0.5, 1, 1, 1, 0.5, 1, 1, 1, 1, 0.5, 1, 0.5, 1, 0.5, 1, -1, 1, 0.5, 1, 1, 0.5, 0.5, 1]
The AI player is: Player.BLUE
The game has finished, the winner is the Blue player!
Results: [1, 1, 1, 0.5, 1, 1, 1, 0.5, 1, 0.5, 0.5, 1, 1, 1, 0.5, 0.5, 0.5, 1, 1, 0.5, 1, 1, 0.5, 1, 0.5, 1, 0.5, 1, 0.5, 0.5, 1, 1, 0.5, 1, 1, 0.5, 1, 0.5, 1, -1, 0.5, 0.5, 0.5, 0.5, 1, 0.5, 1, 1, 1, 0.5, 0.5, 1, 0.5, 0.5, 1, 1, 1, 0.5, 1, 0.5, 1, 1, 1, 0.5, 1, 1, 1, 0.5, 0.5, 1, 0.5, 0.5, 0.5, 1, 1, 0.5, 0.5, 1, 1, 1, 0.5, 1, 1, 1, 1, 0.5, 1, 0.5, 1, 0.5, 1, -1, 1, 0.5, 1, 1, 0.5, 0.5, 1, 0.5]
[1, 1, 1, 0.5, 1, 1, 1, 0.5, 1, 0.5, 0.5, 1, 1, 1, 0.5, 0.5, 0.5, 1, 1, 0.5, 1, 1, 0.5, 1, 0.5, 1, 0.5, 1, 0.5, 0.5, 1, 1, 0.5, 1, 1, 0.5, 1, 0.5, 1, -1, 0.5, 0.5, 0.5, 0.5, 1, 0.5, 1, 1, 1, 0.5, 0.5, 1, 0.5, 0.5, 1, 1, 1, 0.5, 1, 0.5, 1, 1, 1, 0.5, 1, 1, 1, 0.5, 0.5, 1, 0.5, 0.5, 0.5, 1, 1, 0.5, 0.5, 1, 1, 1, 0.5, 1, 1, 1, 1, 0.5, 1, 0.5, 1, 0.5, 1, -1, 1, 0.5, 1, 1, 0.5, 0.5, 1, 0.5]

------------------------------------------------------------
Sender: LSF System <lsfadmin@hpc.dtu.dk>
Subject: Job 15927044: <geneate_stats> in cluster <dcc> Done

Job <geneate_stats> was submitted from host <n-62-27-18> by user <s204111> in cluster <dcc> at Mon Mar 20 00:10:57 2023
Job was executed on host(s) <2*n-62-29-32>, in queue <hpc>, as user <s204111> in cluster <dcc> at Mon Mar 20 00:10:59 2023
</zhome/56/e/155505> was used as the home directory.
</zhome/56/e/155505/Desktop/LaserChess/intro_to_ai_1> was used as the working directory.
Started at Mon Mar 20 00:10:59 2023
Terminated at Mon Mar 20 07:31:01 2023
Results reported at Mon Mar 20 07:31:01 2023

Your job looked like:

------------------------------------------------------------
# LSBATCH: User input
#!/bin/sh
#BSUB -J geneate_stats
#BSUB -R "rusage[mem=2GB]"
#BSUB -n 2
#BSUB -R "span[hosts=1]" 
#BSUB -o generate_stats_short%J.out
#BSUB -e generate_stats_short%J.err
#BSUB -W 23:00
# -- end of LSF options --

source env/bin/activate


python game_engine/generate_stats.py

------------------------------------------------------------

Successfully completed.

Resource usage summary:

    CPU time :                                   26438.19 sec.
    Max Memory :                                 38 MB
    Average Memory :                             28.33 MB
    Total Requested Memory :                     4096.00 MB
    Delta Memory :                               4058.00 MB
    Max Swap :                                   -
    Max Processes :                              4
    Max Threads :                                6
    Run time :                                   26404 sec.
    Turnaround time :                            26404 sec.

The output (if any) is above this job summary.



PS:

Read file <generate_stats_short15927044.err> for stderr output of this job.

