The AI player is: Player.BLUE
The game has finished, the winner is the Blue player!
Results: [1]
The AI player is: Player.RED
The game has finished, the winner is the Red player!
Results: [1, 1]
The AI player is: Player.BLUE
The game has finished, the winner is the Blue player!
Results: [1, 1, 0.5]
The AI player is: Player.BLUE
The game has finished, the winner is the Blue player!
Results: [1, 1, 0.5, 1]
The AI player is: Player.BLUE
The game has finished, the winner is the Blue player!
Results: [1, 1, 0.5, 1, 0.5]
The AI player is: Player.BLUE
The game has finished, the winner is the Blue player!
Results: [1, 1, 0.5, 1, 0.5, 1]
The AI player is: Player.BLUE
The game has finished, the winner is the Blue player!
Results: [1, 1, 0.5, 1, 0.5, 1, 0.5]
The AI player is: Player.BLUE
The game has finished, the winner is the Blue player!
Results: [1, 1, 0.5, 1, 0.5, 1, 0.5, 1]
The AI player is: Player.RED
The game has finished, the winner is the Red player!
Results: [1, 1, 0.5, 1, 0.5, 1, 0.5, 1, 1]
The AI player is: Player.RED
The game has finished, the winner is the Red player!
Results: [1, 1, 0.5, 1, 0.5, 1, 0.5, 1, 1, 1]
The AI player is: Player.BLUE
The game has finished, the winner is the Blue player!
Results: [1, 1, 0.5, 1, 0.5, 1, 0.5, 1, 1, 1, 0.5]
The AI player is: Player.BLUE
The game has finished, the winner is the Blue player!
Results: [1, 1, 0.5, 1, 0.5, 1, 0.5, 1, 1, 1, 0.5, 1]
The AI player is: Player.RED
The game has finished, the winner is the Red player!
Results: [1, 1, 0.5, 1, 0.5, 1, 0.5, 1, 1, 1, 0.5, 1, 1]
The AI player is: Player.BLUE
The game has finished, the winner is the Blue player!
Results: [1, 1, 0.5, 1, 0.5, 1, 0.5, 1, 1, 1, 0.5, 1, 1, 0.5]
The AI player is: Player.BLUE
The game has finished, the winner is the Blue player!
Results: [1, 1, 0.5, 1, 0.5, 1, 0.5, 1, 1, 1, 0.5, 1, 1, 0.5, 1]
The AI player is: Player.RED
The game has finished, the winner is the Red player!
Results: [1, 1, 0.5, 1, 0.5, 1, 0.5, 1, 1, 1, 0.5, 1, 1, 0.5, 1, 1]
The AI player is: Player.RED
The game has finished, the winner is the Red player!
Results: [1, 1, 0.5, 1, 0.5, 1, 0.5, 1, 1, 1, 0.5, 1, 1, 0.5, 1, 1, 1]
The AI player is: Player.RED
The game has finished, the winner is the Red player!
Results: [1, 1, 0.5, 1, 0.5, 1, 0.5, 1, 1, 1, 0.5, 1, 1, 0.5, 1, 1, 1, 0.5]
The AI player is: Player.BLUE
The game has finished, the winner is the Blue player!
Results: [1, 1, 0.5, 1, 0.5, 1, 0.5, 1, 1, 1, 0.5, 1, 1, 0.5, 1, 1, 1, 0.5, 1]
The AI player is: Player.RED
The game has finished, the winner is the Red player!
Results: [1, 1, 0.5, 1, 0.5, 1, 0.5, 1, 1, 1, 0.5, 1, 1, 0.5, 1, 1, 1, 0.5, 1, 1]
The AI player is: Player.BLUE
The game has finished, the winner is the Blue player!
Results: [1, 1, 0.5, 1, 0.5, 1, 0.5, 1, 1, 1, 0.5, 1, 1, 0.5, 1, 1, 1, 0.5, 1, 1, 1]
The AI player is: Player.RED
The game has finished, the winner is the Red player!
Results: [1, 1, 0.5, 1, 0.5, 1, 0.5, 1, 1, 1, 0.5, 1, 1, 0.5, 1, 1, 1, 0.5, 1, 1, 1, 1]
The AI player is: Player.BLUE
The game has finished, the winner is the Blue player!
Results: [1, 1, 0.5, 1, 0.5, 1, 0.5, 1, 1, 1, 0.5, 1, 1, 0.5, 1, 1, 1, 0.5, 1, 1, 1, 1, 0.5]
The AI player is: Player.RED
The game has finished, the winner is the Red player!
Results: [1, 1, 0.5, 1, 0.5, 1, 0.5, 1, 1, 1, 0.5, 1, 1, 0.5, 1, 1, 1, 0.5, 1, 1, 1, 1, 0.5, 1]
The AI player is: Player.RED
The game has finished, the winner is the Red player!
Results: [1, 1, 0.5, 1, 0.5, 1, 0.5, 1, 1, 1, 0.5, 1, 1, 0.5, 1, 1, 1, 0.5, 1, 1, 1, 1, 0.5, 1, 1]
The AI player is: Player.RED
The game has finished, the winner is the Red player!
Results: [1, 1, 0.5, 1, 0.5, 1, 0.5, 1, 1, 1, 0.5, 1, 1, 0.5, 1, 1, 1, 0.5, 1, 1, 1, 1, 0.5, 1, 1, 1]
The AI player is: Player.RED
The game has finished, the winner is the Red player!
Results: [1, 1, 0.5, 1, 0.5, 1, 0.5, 1, 1, 1, 0.5, 1, 1, 0.5, 1, 1, 1, 0.5, 1, 1, 1, 1, 0.5, 1, 1, 1, 1]
The AI player is: Player.BLUE
The game has finished, the winner is the Blue player!
Results: [1, 1, 0.5, 1, 0.5, 1, 0.5, 1, 1, 1, 0.5, 1, 1, 0.5, 1, 1, 1, 0.5, 1, 1, 1, 1, 0.5, 1, 1, 1, 1, 1]
The AI player is: Player.BLUE
The game has finished, the winner is the Blue player!
Results: [1, 1, 0.5, 1, 0.5, 1, 0.5, 1, 1, 1, 0.5, 1, 1, 0.5, 1, 1, 1, 0.5, 1, 1, 1, 1, 0.5, 1, 1, 1, 1, 1, 1]
The AI player is: Player.BLUE
The game has finished, the winner is the Blue player!
Results: [1, 1, 0.5, 1, 0.5, 1, 0.5, 1, 1, 1, 0.5, 1, 1, 0.5, 1, 1, 1, 0.5, 1, 1, 1, 1, 0.5, 1, 1, 1, 1, 1, 1, 0.5]
The AI player is: Player.BLUE
The game has finished, the winner is the Blue player!
Results: [1, 1, 0.5, 1, 0.5, 1, 0.5, 1, 1, 1, 0.5, 1, 1, 0.5, 1, 1, 1, 0.5, 1, 1, 1, 1, 0.5, 1, 1, 1, 1, 1, 1, 0.5, 1]
The AI player is: Player.RED
The game has finished, the winner is the Red player!
Results: [1, 1, 0.5, 1, 0.5, 1, 0.5, 1, 1, 1, 0.5, 1, 1, 0.5, 1, 1, 1, 0.5, 1, 1, 1, 1, 0.5, 1, 1, 1, 1, 1, 1, 0.5, 1, 1]
The AI player is: Player.BLUE
